<?xml version="1.0" encoding="UTF-8"?>
<testsuite xmlns:xsi="http://www.w3.org/2001/XMLSchema-instance" xsi:noNamespaceSchemaLocation="https://maven.apache.org/surefire/maven-surefire-plugin/xsd/surefire-test-report.xsd" version="3.0.2" name="com.example.onlinebanking.OnlineBankingApplicationTests" time="17.11" tests="1" errors="0" skipped="0" failures="0">
  <properties>
[...]
</properties>
  <testcase name="contextLoads" classname="com.example.onlinebanking.OnlineBankingApplicationTests" time="0.761">
    <system-out><![CDATA[18:04:00.655 [main] INFO org.springframework.test.context.support.AnnotationConfigContextLoaderUtils -- Could not detect default configuration classes for test class [com.example.onlinebanking.OnlineBankingApplicationTests]: OnlineBankingApplicationTests does not declare any static, non-private, non-final, nested classes annotated with @Configuration.
18:04:01.107 [main] INFO org.springframework.boot.test.context.SpringBootTestContextBootstrapper -- Found @SpringBootConfiguration com.example.onlinebanking.OnlineBankingApplication for test class com.example.onlinebanking.OnlineBankingApplicationTests

  .   ____          _            __ _ _
 /\\ / ___'_ __ _ _(_)_ __  __ _ \ \ \ \
( ( )\___ | '_ | '_| | '_ \/ _` | \ \ \ \
 \\/  ___)| |_)| | | | | || (_| |  ) ) ) )
  '  |____| .__|_| |_|_| |_\__, | / / / /
 =========|_|==============|___/=/_/_/_/

 :: Spring Boot ::                (v3.5.0)

2025-10-27T18:04:02.442+05:30  INFO 13628 --- [           main] c.e.o.OnlineBankingApplicationTests      : Starting OnlineBankingApplicationTests using Java 21.0.7 with PID 13628 (started by Rohit in C:\Users\Admin\Downloads\OBanking)
2025-10-27T18:04:02.446+05:30  INFO 13628 --- [           main] c.e.o.OnlineBankingApplicationTests      : No active profile set, falling back to 1 default profile: "default"
2025-10-27T18:04:04.950+05:30  INFO 13628 --- [           main] .s.d.r.c.RepositoryConfigurationDelegate : Bootstrapping Spring Data JPA repositories in DEFAULT mode.
2025-10-27T18:04:05.188+05:30  INFO 13628 --- [           main] .s.d.r.c.RepositoryConfigurationDelegate : Finished Spring Data repository scanning in 195 ms. Found 6 JPA repository interfaces.
2025-10-27T18:04:07.485+05:30  INFO 13628 --- [           main] o.hibernate.jpa.internal.util.LogHelper  : HHH000204: Processing PersistenceUnitInfo [name: default]
2025-10-27T18:04:07.631+05:30  INFO 13628 --- [           main] org.hibernate.Version                    : HHH000412: Hibernate ORM core version 6.6.15.Final
2025-10-27T18:04:07.754+05:30  INFO 13628 --- [           main] o.h.c.internal.RegionFactoryInitiator    : HHH000026: Second-level cache disabled
2025-10-27T18:04:08.948+05:30  INFO 13628 --- [           main] o.s.o.j.p.SpringPersistenceUnitInfo      : No LoadTimeWeaver setup: ignoring JPA class transformer
2025-10-27T18:04:09.230+05:30  INFO 13628 --- [           main] com.zaxxer.hikari.HikariDataSource       : HikariPool-1 - Starting...
2025-10-27T18:04:09.703+05:30  INFO 13628 --- [           main] com.zaxxer.hikari.pool.HikariPool        : HikariPool-1 - Added connection conn0: url=jdbc:h2:mem:onlinebank user=SA
2025-10-27T18:04:09.720+05:30  INFO 13628 --- [           main] com.zaxxer.hikari.HikariDataSource       : HikariPool-1 - Start completed.
2025-10-27T18:04:09.790+05:30  WARN 13628 --- [           main] org.hibernate.orm.deprecation            : HHH90000025: H2Dialect does not need to be specified explicitly using 'hibernate.dialect' (remove the property setting and it will be selected by default)
2025-10-27T18:04:09.937+05:30  INFO 13628 --- [           main] org.hibernate.orm.connections.pooling    : HHH10001005: Database info:
	Database JDBC URL [Connecting through datasource 'HikariDataSource (HikariPool-1)']
	Database driver: undefined/unknown
	Database version: 2.3.232
	Autocommit mode: undefined/unknown
	Isolation level: undefined/unknown
	Minimum pool size: undefined/unknown
	Maximum pool size: undefined/unknown
2025-10-27T18:04:12.123+05:30  INFO 13628 --- [           main] o.h.e.t.j.p.i.JtaPlatformInitiator       : HHH000489: No JTA platform available (set 'hibernate.transaction.jta.platform' to enable JTA platform integration)
Hibernate: create table admins (id bigint generated by default as identity, full_name varchar(255), password varchar(255), username varchar(255), primary key (id))
Hibernate: create table bank_accounts (id bigint generated by default as identity, account_number varchar(255), account_type enum ('CURRENT','SAVINGS'), balance numeric(38,2), card_id varchar(255), open boolean not null, pin_hash varchar(255), version bigint, owner_id bigint, primary key (id))
Hibernate: create table branch (id bigint generated by default as identity, address varchar(255), name varchar(255), primary key (id))
Hibernate: create table cheque_requests (id bigint generated by default as identity, approved_at timestamp(6), created_at timestamp(6), status varchar(255), account_id bigint, primary key (id))
Hibernate: create table customers (id bigint generated by default as identity, full_name varchar(255), password varchar(255), username varchar(255), branch_id bigint, primary key (id))
Hibernate: create table transactions (id bigint generated by default as identity, amount numeric(38,2), description varchar(255), timestamp timestamp(6), type varchar(255), from_account_id bigint, to_account_id bigint, primary key (id))
Hibernate: alter table if exists admins drop constraint if exists UKmi8vkhus4xbdbqcac2jm4spvd
Hibernate: alter table if exists admins add constraint UKmi8vkhus4xbdbqcac2jm4spvd unique (username)
Hibernate: alter table if exists bank_accounts drop constraint if exists UKr9gi1et82prjsig51uqxj2qm6
Hibernate: alter table if exists bank_accounts add constraint UKr9gi1et82prjsig51uqxj2qm6 unique (account_number)
Hibernate: alter table if exists bank_accounts drop constraint if exists UKssommmk9joeefa07a0wu6hwxs
Hibernate: alter table if exists bank_accounts add constraint UKssommmk9joeefa07a0wu6hwxs unique (card_id)
Hibernate: alter table if exists customers drop constraint if exists UKbepynu3b6l8k2ppuq6b33xfxc
Hibernate: alter table if exists customers add constraint UKbepynu3b6l8k2ppuq6b33xfxc unique (username)
Hibernate: alter table if exists bank_accounts add constraint FKojlik6wpfbdad4nnt1y8gdfbi foreign key (owner_id) references customers
Hibernate: alter table if exists cheque_requests add constraint FKocxpp68ivcw19hlck85sdwy21 foreign key (account_id) references bank_accounts
Hibernate: alter table if exists customers add constraint FK5ax3kn0wc6vpr9qnjq6qnyo7k foreign key (branch_id) references branch
Hibernate: alter table if exists transactions add constraint FKq6am4ntg6l9pm48ujbum7ma3s foreign key (from_account_id) references bank_accounts
Hibernate: alter table if exists transactions add constraint FK97di75gbsyul9fjj4to176ulc foreign key (to_account_id) references bank_accounts
2025-10-27T18:04:12.286+05:30  INFO 13628 --- [           main] j.LocalContainerEntityManagerFactoryBean : Initialized JPA EntityManagerFactory for persistence unit 'default'
2025-10-27T18:04:13.540+05:30  WARN 13628 --- [           main] JpaBaseConfiguration$JpaWebConfiguration : spring.jpa.open-in-view is enabled by default. Therefore, database queries may be performed during view rendering. Explicitly configure spring.jpa.open-in-view to disable this warning
2025-10-27T18:04:13.665+05:30  INFO 13628 --- [           main] r$InitializeUserDetailsManagerConfigurer : Global AuthenticationManager configured with UserDetailsService bean with name userDetailsService
2025-10-27T18:04:13.905+05:30  INFO 13628 --- [           main] o.s.b.a.w.s.WelcomePageHandlerMapping    : Adding welcome page template: index
2025-10-27T18:04:15.151+05:30  INFO 13628 --- [           main] c.e.o.OnlineBankingApplicationTests      : Started OnlineBankingApplicationTests in 13.633 seconds (process running for 16.308)
Hibernate: select a1_0.id,a1_0.full_name,a1_0.password,a1_0.username from admins a1_0 where a1_0.username=?
Hibernate: insert into admins (full_name,password,username,id) values (?,?,?,default)
Created default admin -> admin / Admin@123
Hibernate: select c1_0.id,c1_0.branch_id,c1_0.full_name,c1_0.password,c1_0.username from customers c1_0 where c1_0.username=?
Hibernate: insert into customers (branch_id,full_name,password,username,id) values (?,?,?,?,default)
Created default customer -> customer / Customer@123
]]></system-out>
    <system-err><![CDATA[Mockito is currently self-attaching to enable the inline-mock-maker. This will no longer work in future releases of the JDK. Please add Mockito as an agent to your build as described in Mockito's documentation: https://javadoc.io/doc/org.mockito/mockito-core/latest/org.mockito/org/mockito/Mockito.html#0.3
WARNING: A Java agent has been loaded dynamically (C:\Users\Admin\.m2\repository\net\bytebuddy\byte-buddy-agent\1.17.5\byte-buddy-agent-1.17.5.jar)
WARNING: If a serviceability tool is in use, please run with -XX:+EnableDynamicAgentLoading to hide this warning
WARNING: If a serviceability tool is not in use, please run with -Djdk.instrument.traceUsage for more information
WARNING: Dynamic loading of agents will be disallowed by default in a future release
]]></system-err>
  </testcase>
</testsuite>